04:17:59 INFO  com.qa25.trips.tests.TestBase - Start test: changeLanguageValidationTest
04:18:02 INFO  com.qa25.trips.tests.TestBase - Test result: PASSED
04:18:02 INFO  com.qa25.trips.tests.TestBase - Stop test: changeLanguageValidationTest
04:18:02 INFO  com.qa25.trips.tests.TestBase - ======================================================
04:18:03 INFO  com.qa25.trips.tests.TestBase - Start test: fillFromFieldPositiveTest
04:18:03 INFO  com.qa25.trips.tests.TestBase -  --> With data: [City name: Tehran]
04:18:09 INFO  com.qa25.trips.tests.TestBase - Test result: PASSED
04:18:09 INFO  com.qa25.trips.tests.TestBase - Stop test: fillFromFieldPositiveTest
04:18:09 INFO  com.qa25.trips.tests.TestBase - ======================================================
04:18:09 INFO  com.qa25.trips.tests.TestBase - Start test: fillFromFieldPositiveTest
04:18:09 INFO  com.qa25.trips.tests.TestBase -  --> With data: [City name: Tashkent]
04:18:14 INFO  com.qa25.trips.tests.TestBase - Test result: PASSED
04:18:14 INFO  com.qa25.trips.tests.TestBase - Stop test: fillFromFieldPositiveTest
04:18:14 INFO  com.qa25.trips.tests.TestBase - ======================================================
04:18:14 INFO  com.qa25.trips.tests.TestBase - Start test: fillFromFieldPositiveTest
04:18:14 INFO  com.qa25.trips.tests.TestBase -  --> With data: [City name: Sanaa]
04:18:19 INFO  com.qa25.trips.tests.TestBase - Test result: PASSED
04:18:19 INFO  com.qa25.trips.tests.TestBase - Stop test: fillFromFieldPositiveTest
04:18:19 INFO  com.qa25.trips.tests.TestBase - ======================================================
04:18:19 INFO  com.qa25.trips.tests.TestBase - Start test: fillFromFieldPositiveTest
04:18:19 INFO  com.qa25.trips.tests.TestBase -  --> With data: [City name: Naypyidaw]
04:18:25 INFO  com.qa25.trips.tests.TestBase - Test result: PASSED
04:18:25 INFO  com.qa25.trips.tests.TestBase - Stop test: fillFromFieldPositiveTest
04:18:25 INFO  com.qa25.trips.tests.TestBase - ======================================================
04:18:25 INFO  com.qa25.trips.tests.TestBase - Start test: fillFromFieldPositiveTest
04:18:25 INFO  com.qa25.trips.tests.TestBase -  --> With data: [City name: Muscat]
04:18:30 INFO  com.qa25.trips.tests.TestBase - Test result: PASSED
04:18:30 INFO  com.qa25.trips.tests.TestBase - Stop test: fillFromFieldPositiveTest
04:18:30 INFO  com.qa25.trips.tests.TestBase - ======================================================
04:18:30 INFO  com.qa25.trips.tests.TestBase - Start test: fillFromFieldPositiveTest
04:18:30 INFO  com.qa25.trips.tests.TestBase -  --> With data: [City name: Manila]
04:18:35 INFO  com.qa25.trips.tests.TestBase - Test result: PASSED
04:18:35 INFO  com.qa25.trips.tests.TestBase - Stop test: fillFromFieldPositiveTest
04:18:35 INFO  com.qa25.trips.tests.TestBase - ======================================================
04:18:35 INFO  com.qa25.trips.tests.TestBase - Start test: fillFromFieldPositiveTest
04:18:35 INFO  com.qa25.trips.tests.TestBase -  --> With data: [City name: Male]
04:18:40 INFO  com.qa25.trips.tests.TestBase - Test result: PASSED
04:18:40 INFO  com.qa25.trips.tests.TestBase - Stop test: fillFromFieldPositiveTest
04:18:40 INFO  com.qa25.trips.tests.TestBase - ======================================================
04:18:40 INFO  com.qa25.trips.tests.TestBase - Start test: fillFromFieldPositiveTest
04:18:40 INFO  com.qa25.trips.tests.TestBase -  --> With data: [City name: Lhasa]
04:18:46 INFO  com.qa25.trips.tests.TestBase - Test result: PASSED
04:18:46 INFO  com.qa25.trips.tests.TestBase - Stop test: fillFromFieldPositiveTest
04:18:46 INFO  com.qa25.trips.tests.TestBase - ======================================================
04:18:46 INFO  com.qa25.trips.tests.TestBase - Start test: fillFromFieldPositiveTest
04:18:46 INFO  com.qa25.trips.tests.TestBase -  --> With data: [City name: Kathmandu]
04:18:51 INFO  com.qa25.trips.tests.TestBase - Test result: PASSED
04:18:51 INFO  com.qa25.trips.tests.TestBase - Stop test: fillFromFieldPositiveTest
04:18:51 INFO  com.qa25.trips.tests.TestBase - ======================================================
04:18:51 INFO  com.qa25.trips.tests.TestBase - Start test: fillFromFieldPositiveTest
04:18:51 INFO  com.qa25.trips.tests.TestBase -  --> With data: [City name: Kabul]
04:18:56 INFO  com.qa25.trips.tests.TestBase - Test result: PASSED
04:18:56 INFO  com.qa25.trips.tests.TestBase - Stop test: fillFromFieldPositiveTest
04:18:56 INFO  com.qa25.trips.tests.TestBase - ======================================================
04:18:56 INFO  com.qa25.trips.tests.TestBase - Start test: fillFromFieldPositiveTest
04:18:56 INFO  com.qa25.trips.tests.TestBase -  --> With data: [City name: Bandar Seri Begawan]
04:18:57 INFO  com.qa25.trips.tests.TestBase -    --> Error message: Sorry, only Latin characteres are allowed now.
04:18:57 INFO  com.qa25.trips.tests.TestBase -    --> Test is fail, but should be pass
04:18:57 INFO  com.qa25.trips.tests.TestBase - Test result: PASSED
04:18:57 INFO  com.qa25.trips.tests.TestBase - Stop test: fillFromFieldPositiveTest
04:18:57 INFO  com.qa25.trips.tests.TestBase - ======================================================
04:18:57 INFO  com.qa25.trips.tests.TestBase - Start test: fillFromFieldPositiveTest
04:18:57 INFO  com.qa25.trips.tests.TestBase -  --> With data: [City name: Buenos Aires]
04:18:58 INFO  com.qa25.trips.tests.TestBase -    --> Error message: Sorry, only Latin characteres are allowed now.
04:18:58 INFO  com.qa25.trips.tests.TestBase -    --> Test is fail, but should be pass
04:18:58 INFO  com.qa25.trips.tests.TestBase - Test result: PASSED
04:18:58 INFO  com.qa25.trips.tests.TestBase - Stop test: fillFromFieldPositiveTest
04:18:58 INFO  com.qa25.trips.tests.TestBase - ======================================================
04:18:58 INFO  com.qa25.trips.tests.TestBase - Start test: fillFromFieldPositiveTest
04:18:58 INFO  com.qa25.trips.tests.TestBase -  --> With data: [City name: Cluj-Napoca]
04:18:58 INFO  com.qa25.trips.tests.TestBase -    --> Error message: Sorry, only Latin characteres are allowed now.
04:18:58 INFO  com.qa25.trips.tests.TestBase -    --> Test is fail, but should be pass
04:18:58 INFO  com.qa25.trips.tests.TestBase - Test result: PASSED
04:18:58 INFO  com.qa25.trips.tests.TestBase - Stop test: fillFromFieldPositiveTest
04:18:58 INFO  com.qa25.trips.tests.TestBase - ======================================================
04:18:58 INFO  com.qa25.trips.tests.TestBase - Start test: fillFromFieldPositiveTest
04:18:58 INFO  com.qa25.trips.tests.TestBase -  --> With data: [City name: Land's End]
04:18:58 INFO  com.qa25.trips.tests.TestBase -    --> Error message: Sorry, only Latin characteres are allowed now.
04:18:58 INFO  com.qa25.trips.tests.TestBase -    --> Test is fail, but should be pass
04:18:58 INFO  com.qa25.trips.tests.TestBase - Test result: PASSED
04:18:58 INFO  com.qa25.trips.tests.TestBase - Stop test: fillFromFieldPositiveTest
04:18:58 INFO  com.qa25.trips.tests.TestBase - ======================================================
04:18:58 INFO  com.qa25.trips.tests.TestBase - Start test: fillFromFieldPositiveTest
04:18:58 INFO  com.qa25.trips.tests.TestBase -  --> With data: [City name: St. Catharines]
04:18:59 INFO  com.qa25.trips.tests.TestBase -    --> Error message: Sorry, only Latin characteres are allowed now.
04:18:59 INFO  com.qa25.trips.tests.TestBase -    --> Test is fail, but should be pass
04:18:59 INFO  com.qa25.trips.tests.TestBase - Test result: PASSED
04:18:59 INFO  com.qa25.trips.tests.TestBase - Stop test: fillFromFieldPositiveTest
04:18:59 INFO  com.qa25.trips.tests.TestBase - ======================================================
04:18:59 INFO  com.qa25.trips.tests.TestBase - Start test: fillFromFieldPositiveTest
04:18:59 INFO  com.qa25.trips.tests.TestBase -  --> With data: [City name: St. John's]
04:18:59 INFO  com.qa25.trips.tests.TestBase -    --> Error message: Sorry, only Latin characteres are allowed now.
04:18:59 INFO  com.qa25.trips.tests.TestBase -    --> Test is fail, but should be pass
04:18:59 INFO  com.qa25.trips.tests.TestBase - Test result: PASSED
04:18:59 INFO  com.qa25.trips.tests.TestBase - Stop test: fillFromFieldPositiveTest
04:18:59 INFO  com.qa25.trips.tests.TestBase - ======================================================
04:18:59 INFO  com.qa25.trips.tests.TestBase - Start test: fillToFieldPositiveTest
04:18:59 INFO  com.qa25.trips.tests.TestBase -  --> With data: [City name: Tehran]
04:19:05 INFO  com.qa25.trips.tests.TestBase - Test result: PASSED
04:19:05 INFO  com.qa25.trips.tests.TestBase - Stop test: fillToFieldPositiveTest
04:19:05 INFO  com.qa25.trips.tests.TestBase - ======================================================
04:19:05 INFO  com.qa25.trips.tests.TestBase - Start test: fillToFieldPositiveTest
04:19:05 INFO  com.qa25.trips.tests.TestBase -  --> With data: [City name: Tashkent]
04:19:10 INFO  com.qa25.trips.tests.TestBase - Test result: PASSED
04:19:10 INFO  com.qa25.trips.tests.TestBase - Stop test: fillToFieldPositiveTest
04:19:10 INFO  com.qa25.trips.tests.TestBase - ======================================================
04:19:10 INFO  com.qa25.trips.tests.TestBase - Start test: fillToFieldPositiveTest
04:19:10 INFO  com.qa25.trips.tests.TestBase -  --> With data: [City name: Sanaa]
04:19:15 INFO  com.qa25.trips.tests.TestBase - Test result: PASSED
04:19:15 INFO  com.qa25.trips.tests.TestBase - Stop test: fillToFieldPositiveTest
04:19:15 INFO  com.qa25.trips.tests.TestBase - ======================================================
04:19:15 INFO  com.qa25.trips.tests.TestBase - Start test: fillToFieldPositiveTest
04:19:15 INFO  com.qa25.trips.tests.TestBase -  --> With data: [City name: Naypyidaw]
04:19:21 INFO  com.qa25.trips.tests.TestBase - Test result: PASSED
04:19:21 INFO  com.qa25.trips.tests.TestBase - Stop test: fillToFieldPositiveTest
04:19:21 INFO  com.qa25.trips.tests.TestBase - ======================================================
04:19:21 INFO  com.qa25.trips.tests.TestBase - Start test: fillToFieldPositiveTest
04:19:21 INFO  com.qa25.trips.tests.TestBase -  --> With data: [City name: Muscat]
04:19:26 INFO  com.qa25.trips.tests.TestBase - Test result: PASSED
04:19:26 INFO  com.qa25.trips.tests.TestBase - Stop test: fillToFieldPositiveTest
04:19:26 INFO  com.qa25.trips.tests.TestBase - ======================================================
04:19:26 INFO  com.qa25.trips.tests.TestBase - Start test: fillToFieldPositiveTest
04:19:26 INFO  com.qa25.trips.tests.TestBase -  --> With data: [City name: Manila]
04:19:31 INFO  com.qa25.trips.tests.TestBase - Test result: PASSED
04:19:31 INFO  com.qa25.trips.tests.TestBase - Stop test: fillToFieldPositiveTest
04:19:31 INFO  com.qa25.trips.tests.TestBase - ======================================================
04:19:31 INFO  com.qa25.trips.tests.TestBase - Start test: fillToFieldPositiveTest
04:19:31 INFO  com.qa25.trips.tests.TestBase -  --> With data: [City name: Male]
04:19:36 INFO  com.qa25.trips.tests.TestBase - Test result: PASSED
04:19:36 INFO  com.qa25.trips.tests.TestBase - Stop test: fillToFieldPositiveTest
04:19:36 INFO  com.qa25.trips.tests.TestBase - ======================================================
04:19:36 INFO  com.qa25.trips.tests.TestBase - Start test: fillToFieldPositiveTest
04:19:36 INFO  com.qa25.trips.tests.TestBase -  --> With data: [City name: Lhasa]
04:19:42 INFO  com.qa25.trips.tests.TestBase - Test result: PASSED
04:19:42 INFO  com.qa25.trips.tests.TestBase - Stop test: fillToFieldPositiveTest
04:19:42 INFO  com.qa25.trips.tests.TestBase - ======================================================
04:19:42 INFO  com.qa25.trips.tests.TestBase - Start test: fillToFieldPositiveTest
04:19:42 INFO  com.qa25.trips.tests.TestBase -  --> With data: [City name: Kathmandu]
04:19:47 INFO  com.qa25.trips.tests.TestBase - Test result: PASSED
04:19:47 INFO  com.qa25.trips.tests.TestBase - Stop test: fillToFieldPositiveTest
04:19:47 INFO  com.qa25.trips.tests.TestBase - ======================================================
04:19:47 INFO  com.qa25.trips.tests.TestBase - Start test: fillToFieldPositiveTest
04:19:47 INFO  com.qa25.trips.tests.TestBase -  --> With data: [City name: Kabul]
04:19:52 INFO  com.qa25.trips.tests.TestBase - Test result: PASSED
04:19:52 INFO  com.qa25.trips.tests.TestBase - Stop test: fillToFieldPositiveTest
04:19:52 INFO  com.qa25.trips.tests.TestBase - ======================================================
04:19:52 INFO  com.qa25.trips.tests.TestBase - Start test: fillToFieldPositiveTest
04:19:52 INFO  com.qa25.trips.tests.TestBase -  --> With data: [City name: Bandar Seri Begawan]
04:19:53 INFO  com.qa25.trips.tests.TestBase -    --> Error message: Sorry, only Latin characteres are allowed now.
04:19:53 INFO  com.qa25.trips.tests.TestBase -    --> Test is fail, but should be pass
04:19:53 INFO  com.qa25.trips.tests.TestBase - Test result: PASSED
04:19:53 INFO  com.qa25.trips.tests.TestBase - Stop test: fillToFieldPositiveTest
04:19:53 INFO  com.qa25.trips.tests.TestBase - ======================================================
04:19:53 INFO  com.qa25.trips.tests.TestBase - Start test: fillToFieldPositiveTest
04:19:53 INFO  com.qa25.trips.tests.TestBase -  --> With data: [City name: Buenos Aires]
04:19:53 INFO  com.qa25.trips.tests.TestBase -    --> Error message: Sorry, only Latin characteres are allowed now.
04:19:53 INFO  com.qa25.trips.tests.TestBase -    --> Test is fail, but should be pass
04:19:53 INFO  com.qa25.trips.tests.TestBase - Test result: PASSED
04:19:53 INFO  com.qa25.trips.tests.TestBase - Stop test: fillToFieldPositiveTest
04:19:53 INFO  com.qa25.trips.tests.TestBase - ======================================================
04:19:53 INFO  com.qa25.trips.tests.TestBase - Start test: fillToFieldPositiveTest
04:19:53 INFO  com.qa25.trips.tests.TestBase -  --> With data: [City name: Cluj-Napoca]
04:19:53 INFO  com.qa25.trips.tests.TestBase -    --> Error message: Sorry, only Latin characteres are allowed now.
04:19:53 INFO  com.qa25.trips.tests.TestBase -    --> Test is fail, but should be pass
04:19:54 INFO  com.qa25.trips.tests.TestBase - Test result: PASSED
04:19:54 INFO  com.qa25.trips.tests.TestBase - Stop test: fillToFieldPositiveTest
04:19:54 INFO  com.qa25.trips.tests.TestBase - ======================================================
04:19:54 INFO  com.qa25.trips.tests.TestBase - Start test: fillToFieldPositiveTest
04:19:54 INFO  com.qa25.trips.tests.TestBase -  --> With data: [City name: Land's End]
04:19:54 INFO  com.qa25.trips.tests.TestBase -    --> Error message: Sorry, only Latin characteres are allowed now.
04:19:54 INFO  com.qa25.trips.tests.TestBase -    --> Test is fail, but should be pass
04:19:54 INFO  com.qa25.trips.tests.TestBase - Test result: PASSED
04:19:54 INFO  com.qa25.trips.tests.TestBase - Stop test: fillToFieldPositiveTest
04:19:54 INFO  com.qa25.trips.tests.TestBase - ======================================================
04:19:54 INFO  com.qa25.trips.tests.TestBase - Start test: fillToFieldPositiveTest
04:19:54 INFO  com.qa25.trips.tests.TestBase -  --> With data: [City name: St. Catharines]
04:19:54 INFO  com.qa25.trips.tests.TestBase -    --> Error message: Sorry, only Latin characteres are allowed now.
04:19:54 INFO  com.qa25.trips.tests.TestBase -    --> Test is fail, but should be pass
04:19:54 INFO  com.qa25.trips.tests.TestBase - Test result: PASSED
04:19:54 INFO  com.qa25.trips.tests.TestBase - Stop test: fillToFieldPositiveTest
04:19:54 INFO  com.qa25.trips.tests.TestBase - ======================================================
04:19:54 INFO  com.qa25.trips.tests.TestBase - Start test: fillToFieldPositiveTest
04:19:54 INFO  com.qa25.trips.tests.TestBase -  --> With data: [City name: St. John's]
04:19:55 INFO  com.qa25.trips.tests.TestBase -    --> Error message: Sorry, only Latin characteres are allowed now.
04:19:55 INFO  com.qa25.trips.tests.TestBase -    --> Test is fail, but should be pass
04:19:55 INFO  com.qa25.trips.tests.TestBase - Test result: PASSED
04:19:55 INFO  com.qa25.trips.tests.TestBase - Stop test: fillToFieldPositiveTest
04:19:55 INFO  com.qa25.trips.tests.TestBase - ======================================================
04:19:55 INFO  com.qa25.trips.tests.TestBase - Start test: FillFromFieldNegativeTest
04:19:55 INFO  com.qa25.trips.tests.TestBase -  --> With data: [City name: Москва]
04:19:55 INFO  com.qa25.trips.tests.TestBase -    --> Error message: Sorry, only Latin characteres are allowed now.
04:19:55 INFO  com.qa25.trips.tests.TestBase - Test result: PASSED
04:19:55 INFO  com.qa25.trips.tests.TestBase - Stop test: FillFromFieldNegativeTest
04:19:55 INFO  com.qa25.trips.tests.TestBase - ======================================================
04:19:55 INFO  com.qa25.trips.tests.TestBase - Start test: FillFromFieldNegativeTest
04:19:55 INFO  com.qa25.trips.tests.TestBase -  --> With data: [City name: נתניה]
04:19:55 INFO  com.qa25.trips.tests.TestBase -    --> Error message: Sorry, only Latin characteres are allowed now.
04:19:56 INFO  com.qa25.trips.tests.TestBase - Test result: PASSED
04:19:56 INFO  com.qa25.trips.tests.TestBase - Stop test: FillFromFieldNegativeTest
04:19:56 INFO  com.qa25.trips.tests.TestBase - ======================================================
04:19:56 INFO  com.qa25.trips.tests.TestBase - Start test: FillFromFieldNegativeTest
04:19:56 INFO  com.qa25.trips.tests.TestBase -  --> With data: [City name: Paris@]
04:19:56 INFO  com.qa25.trips.tests.TestBase -    --> Error message: Sorry, only Latin characteres are allowed now.
04:19:56 INFO  com.qa25.trips.tests.TestBase - Test result: PASSED
04:19:56 INFO  com.qa25.trips.tests.TestBase - Stop test: FillFromFieldNegativeTest
04:19:56 INFO  com.qa25.trips.tests.TestBase - ======================================================
04:19:56 INFO  com.qa25.trips.tests.TestBase - Start test: FillFromFieldNegativeTest
04:19:56 INFO  com.qa25.trips.tests.TestBase -  --> With data: [City name: #London]
04:19:56 INFO  com.qa25.trips.tests.TestBase -    --> Error message: Sorry, only Latin characteres are allowed now.
04:19:56 INFO  com.qa25.trips.tests.TestBase - Test result: PASSED
04:19:56 INFO  com.qa25.trips.tests.TestBase - Stop test: FillFromFieldNegativeTest
04:19:56 INFO  com.qa25.trips.tests.TestBase - ======================================================
04:19:56 INFO  com.qa25.trips.tests.TestBase - Start test: FillFromFieldNegativeTest
04:19:56 INFO  com.qa25.trips.tests.TestBase -  --> With data: [City name: 123]
04:19:57 INFO  com.qa25.trips.tests.TestBase -    --> Error message: Sorry, the data we have accumulated is not enough to build a route between the indicated cities. Try changing your request.
04:19:57 INFO  com.qa25.trips.tests.TestBase - Test result: PASSED
04:19:57 INFO  com.qa25.trips.tests.TestBase - Stop test: FillFromFieldNegativeTest
04:19:57 INFO  com.qa25.trips.tests.TestBase - ======================================================
04:19:57 INFO  com.qa25.trips.tests.TestBase - Start test: FillFromFieldNegativeTest
04:19:57 INFO  com.qa25.trips.tests.TestBase -  --> With data: [City name: *&^]
04:19:57 INFO  com.qa25.trips.tests.TestBase -    --> Error message: Sorry, only Latin characteres are allowed now.
04:19:57 INFO  com.qa25.trips.tests.TestBase - Test result: PASSED
04:19:57 INFO  com.qa25.trips.tests.TestBase - Stop test: FillFromFieldNegativeTest
04:19:57 INFO  com.qa25.trips.tests.TestBase - ======================================================
04:19:57 INFO  com.qa25.trips.tests.TestBase - Start test: FillFromFieldNegativeTest
04:19:57 INFO  com.qa25.trips.tests.TestBase -  --> With data: [City name: Pariz]
04:19:57 INFO  com.qa25.trips.tests.TestBase -    --> Error message: Sorry, the data we have accumulated is not enough to build a route between the indicated cities. Try changing your request.
04:19:57 INFO  com.qa25.trips.tests.TestBase - Test result: PASSED
04:19:57 INFO  com.qa25.trips.tests.TestBase - Stop test: FillFromFieldNegativeTest
04:19:57 INFO  com.qa25.trips.tests.TestBase - ======================================================
04:19:57 INFO  com.qa25.trips.tests.TestBase - Start test: FillToFieldNegativeTest
04:19:57 INFO  com.qa25.trips.tests.TestBase -  --> With data: [City name: Москва]
04:19:58 INFO  com.qa25.trips.tests.TestBase -    --> Error message: Sorry, only Latin characteres are allowed now.
04:19:58 INFO  com.qa25.trips.tests.TestBase - Test result: PASSED
04:19:58 INFO  com.qa25.trips.tests.TestBase - Stop test: FillToFieldNegativeTest
04:19:58 INFO  com.qa25.trips.tests.TestBase - ======================================================
04:19:58 INFO  com.qa25.trips.tests.TestBase - Start test: FillToFieldNegativeTest
04:19:58 INFO  com.qa25.trips.tests.TestBase -  --> With data: [City name: נתניה]
04:19:58 INFO  com.qa25.trips.tests.TestBase -    --> Error message: Sorry, only Latin characteres are allowed now.
04:19:58 INFO  com.qa25.trips.tests.TestBase - Test result: PASSED
04:19:58 INFO  com.qa25.trips.tests.TestBase - Stop test: FillToFieldNegativeTest
04:19:58 INFO  com.qa25.trips.tests.TestBase - ======================================================
04:19:58 INFO  com.qa25.trips.tests.TestBase - Start test: FillToFieldNegativeTest
04:19:58 INFO  com.qa25.trips.tests.TestBase -  --> With data: [City name: Paris@]
04:19:58 INFO  com.qa25.trips.tests.TestBase -    --> Error message: Sorry, only Latin characteres are allowed now.
04:19:58 INFO  com.qa25.trips.tests.TestBase - Test result: PASSED
04:19:58 INFO  com.qa25.trips.tests.TestBase - Stop test: FillToFieldNegativeTest
04:19:58 INFO  com.qa25.trips.tests.TestBase - ======================================================
04:19:58 INFO  com.qa25.trips.tests.TestBase - Start test: FillToFieldNegativeTest
04:19:58 INFO  com.qa25.trips.tests.TestBase -  --> With data: [City name: #London]
04:19:59 INFO  com.qa25.trips.tests.TestBase -    --> Error message: Sorry, only Latin characteres are allowed now.
04:19:59 INFO  com.qa25.trips.tests.TestBase - Test result: PASSED
04:19:59 INFO  com.qa25.trips.tests.TestBase - Stop test: FillToFieldNegativeTest
04:19:59 INFO  com.qa25.trips.tests.TestBase - ======================================================
04:19:59 INFO  com.qa25.trips.tests.TestBase - Start test: FillToFieldNegativeTest
04:19:59 INFO  com.qa25.trips.tests.TestBase -  --> With data: [City name: 123]
04:19:59 INFO  com.qa25.trips.tests.TestBase -    --> Error message: Sorry, the data we have accumulated is not enough to build a route between the indicated cities. Try changing your request.
04:19:59 INFO  com.qa25.trips.tests.TestBase - Test result: PASSED
04:19:59 INFO  com.qa25.trips.tests.TestBase - Stop test: FillToFieldNegativeTest
04:19:59 INFO  com.qa25.trips.tests.TestBase - ======================================================
04:19:59 INFO  com.qa25.trips.tests.TestBase - Start test: FillToFieldNegativeTest
04:19:59 INFO  com.qa25.trips.tests.TestBase -  --> With data: [City name: *&^]
04:19:59 INFO  com.qa25.trips.tests.TestBase -    --> Error message: Sorry, only Latin characteres are allowed now.
04:19:59 INFO  com.qa25.trips.tests.TestBase - Test result: PASSED
04:19:59 INFO  com.qa25.trips.tests.TestBase - Stop test: FillToFieldNegativeTest
04:19:59 INFO  com.qa25.trips.tests.TestBase - ======================================================
04:19:59 INFO  com.qa25.trips.tests.TestBase - Start test: FillToFieldNegativeTest
04:19:59 INFO  com.qa25.trips.tests.TestBase -  --> With data: [City name: Pariz]
04:20:00 INFO  com.qa25.trips.tests.TestBase -    --> Error message: Sorry, the data we have accumulated is not enough to build a route between the indicated cities. Try changing your request.
04:20:00 INFO  com.qa25.trips.tests.TestBase - Test result: PASSED
04:20:00 INFO  com.qa25.trips.tests.TestBase - Stop test: FillToFieldNegativeTest
04:20:00 INFO  com.qa25.trips.tests.TestBase - ======================================================
