21:10:02 INFO  com.qa25.trips.tests.TestBase - Start test: mainPageCheckElementsPresentTest
21:10:04 INFO  com.qa25.trips.tests.TestBase - Test result: PASSED
21:10:04 INFO  com.qa25.trips.tests.TestBase - Stop test: mainPageCheckElementsPresentTest
21:10:04 INFO  com.qa25.trips.tests.TestBase - ======================================================
21:10:04 INFO  com.qa25.trips.tests.TestBase - Start test: sloganValidationTest
21:10:04 INFO  com.qa25.trips.tests.TestBase - Test result: PASSED
21:10:04 INFO  com.qa25.trips.tests.TestBase - Stop test: sloganValidationTest
21:10:04 INFO  com.qa25.trips.tests.TestBase - ======================================================
21:10:04 INFO  com.qa25.trips.tests.TestBase - Start test: mainPageCheckElementsDefaultValuesSetTest
21:10:06 INFO  com.qa25.trips.tests.TestBase - Test result: PASSED
21:10:06 INFO  com.qa25.trips.tests.TestBase - Stop test: mainPageCheckElementsDefaultValuesSetTest
21:10:06 INFO  com.qa25.trips.tests.TestBase - ======================================================
21:10:06 INFO  com.qa25.trips.tests.TestBase - Start test: changeLanguageValidationTest
21:10:09 INFO  com.qa25.trips.tests.TestBase - Test result: PASSED
21:10:09 INFO  com.qa25.trips.tests.TestBase - Stop test: changeLanguageValidationTest
21:10:09 INFO  com.qa25.trips.tests.TestBase - ======================================================
21:10:10 INFO  com.qa25.trips.tests.TestBase - Start test: hamburgerMenuItemsTest
21:10:15 INFO  com.qa25.trips.tests.TestBase - Test result: PASSED
21:10:15 INFO  com.qa25.trips.tests.TestBase - Stop test: hamburgerMenuItemsTest
21:10:15 INFO  com.qa25.trips.tests.TestBase - ======================================================
21:10:16 INFO  com.qa25.trips.tests.TestBase - Start test: fillFromFieldPositiveTest
21:10:16 INFO  com.qa25.trips.tests.TestBase -  --> With data: [Cities names: FROM city: Tehran, TO city: St. John's]
21:10:22 INFO  com.qa25.trips.tests.TestBase - Test result: PASSED
21:10:22 INFO  com.qa25.trips.tests.TestBase - Stop test: fillFromFieldPositiveTest
21:10:22 INFO  com.qa25.trips.tests.TestBase - ======================================================
21:10:22 INFO  com.qa25.trips.tests.TestBase - Start test: fillFromFieldPositiveTest
21:10:22 INFO  com.qa25.trips.tests.TestBase -  --> With data: [Cities names: FROM city: Tashkent, TO city: Buenos Aires]
21:10:27 INFO  com.qa25.trips.tests.TestBase - Test result: PASSED
21:10:27 INFO  com.qa25.trips.tests.TestBase - Stop test: fillFromFieldPositiveTest
21:10:27 INFO  com.qa25.trips.tests.TestBase - ======================================================
21:10:27 INFO  com.qa25.trips.tests.TestBase - Start test: fillFromFieldPositiveTest
21:10:27 INFO  com.qa25.trips.tests.TestBase -  --> With data: [Cities names: FROM city: Sanaa, TO city: St. Catharines]
21:10:33 INFO  com.qa25.trips.tests.TestBase - Test result: PASSED
21:10:33 INFO  com.qa25.trips.tests.TestBase - Stop test: fillFromFieldPositiveTest
21:10:33 INFO  com.qa25.trips.tests.TestBase - ======================================================
21:10:33 INFO  com.qa25.trips.tests.TestBase - Start test: fillFromFieldPositiveTest
21:10:33 INFO  com.qa25.trips.tests.TestBase -  --> With data: [Cities names: FROM city: Naypyidaw, TO city: Kabul]
21:10:38 INFO  com.qa25.trips.tests.TestBase - Test result: PASSED
21:10:38 INFO  com.qa25.trips.tests.TestBase - Stop test: fillFromFieldPositiveTest
21:10:38 INFO  com.qa25.trips.tests.TestBase - ======================================================
21:10:38 INFO  com.qa25.trips.tests.TestBase - Start test: fillFromFieldPositiveTest
21:10:38 INFO  com.qa25.trips.tests.TestBase -  --> With data: [Cities names: FROM city: Muscat, TO city: Kathmandu]
21:10:43 INFO  com.qa25.trips.tests.TestBase - Test result: PASSED
21:10:43 INFO  com.qa25.trips.tests.TestBase - Stop test: fillFromFieldPositiveTest
21:10:43 INFO  com.qa25.trips.tests.TestBase - ======================================================
21:10:43 INFO  com.qa25.trips.tests.TestBase - Start test: fillFromFieldPositiveTest
21:10:43 INFO  com.qa25.trips.tests.TestBase -  --> With data: [Cities names: FROM city: Manila, TO city: Naypyidaw]
21:10:48 INFO  com.qa25.trips.tests.TestBase - Test result: PASSED
21:10:48 INFO  com.qa25.trips.tests.TestBase - Stop test: fillFromFieldPositiveTest
21:10:48 INFO  com.qa25.trips.tests.TestBase - ======================================================
21:10:48 INFO  com.qa25.trips.tests.TestBase - Start test: fillFromFieldPositiveTest
21:10:48 INFO  com.qa25.trips.tests.TestBase -  --> With data: [Cities names: FROM city: Male, TO city: Land's End]
21:10:54 INFO  com.qa25.trips.tests.TestBase - Test result: PASSED
21:10:54 INFO  com.qa25.trips.tests.TestBase - Stop test: fillFromFieldPositiveTest
21:10:54 INFO  com.qa25.trips.tests.TestBase - ======================================================
21:10:54 INFO  com.qa25.trips.tests.TestBase - Start test: fillFromFieldPositiveTest
21:10:54 INFO  com.qa25.trips.tests.TestBase -  --> With data: [Cities names: FROM city: Lhasa, TO city: Sanaa]
21:10:59 INFO  com.qa25.trips.tests.TestBase - Test result: PASSED
21:10:59 INFO  com.qa25.trips.tests.TestBase - Stop test: fillFromFieldPositiveTest
21:10:59 INFO  com.qa25.trips.tests.TestBase - ======================================================
21:10:59 INFO  com.qa25.trips.tests.TestBase - Start test: fillFromFieldPositiveTest
21:10:59 INFO  com.qa25.trips.tests.TestBase -  --> With data: [Cities names: FROM city: Kathmandu, TO city: Tashkent]
21:11:04 INFO  com.qa25.trips.tests.TestBase - Test result: PASSED
21:11:04 INFO  com.qa25.trips.tests.TestBase - Stop test: fillFromFieldPositiveTest
21:11:04 INFO  com.qa25.trips.tests.TestBase - ======================================================
21:11:04 INFO  com.qa25.trips.tests.TestBase - Start test: fillFromFieldPositiveTest
21:11:04 INFO  com.qa25.trips.tests.TestBase -  --> With data: [Cities names: FROM city: Kabul, TO city: Tehran]
21:11:10 INFO  com.qa25.trips.tests.TestBase - Test result: PASSED
21:11:10 INFO  com.qa25.trips.tests.TestBase - Stop test: fillFromFieldPositiveTest
21:11:10 INFO  com.qa25.trips.tests.TestBase - ======================================================
21:11:10 INFO  com.qa25.trips.tests.TestBase - Start test: fillFromFieldPositiveTest
21:11:10 INFO  com.qa25.trips.tests.TestBase -  --> With data: [Cities names: FROM city: Bandar Seri Begawan, TO city: Manila]
21:11:10 INFO  com.qa25.trips.tests.TestBase -    --> Error message: Sorry, only Latin characteres are allowed now.
21:11:10 INFO  com.qa25.trips.tests.TestBase -    --> Test is fail, but should be pass
21:11:10 INFO  com.qa25.trips.tests.TestBase - Test result: PASSED
21:11:10 INFO  com.qa25.trips.tests.TestBase - Stop test: fillFromFieldPositiveTest
21:11:10 INFO  com.qa25.trips.tests.TestBase - ======================================================
21:11:10 INFO  com.qa25.trips.tests.TestBase - Start test: fillFromFieldPositiveTest
21:11:10 INFO  com.qa25.trips.tests.TestBase -  --> With data: [Cities names: FROM city: Buenos Aires, TO city: Cluj-Napoca]
21:11:11 INFO  com.qa25.trips.tests.TestBase -    --> Error message: Sorry, only Latin characteres are allowed now.
21:11:11 INFO  com.qa25.trips.tests.TestBase -    --> Test is fail, but should be pass
21:11:11 INFO  com.qa25.trips.tests.TestBase - Test result: PASSED
21:11:11 INFO  com.qa25.trips.tests.TestBase - Stop test: fillFromFieldPositiveTest
21:11:11 INFO  com.qa25.trips.tests.TestBase - ======================================================
21:11:11 INFO  com.qa25.trips.tests.TestBase - Start test: fillFromFieldPositiveTest
21:11:11 INFO  com.qa25.trips.tests.TestBase -  --> With data: [Cities names: FROM city: Cluj-Napoca, TO city: Muscat]
21:11:11 INFO  com.qa25.trips.tests.TestBase -    --> Error message: Sorry, only Latin characteres are allowed now.
21:11:11 INFO  com.qa25.trips.tests.TestBase -    --> Test is fail, but should be pass
21:11:11 INFO  com.qa25.trips.tests.TestBase - Test result: PASSED
21:11:11 INFO  com.qa25.trips.tests.TestBase - Stop test: fillFromFieldPositiveTest
21:11:11 INFO  com.qa25.trips.tests.TestBase - ======================================================
21:11:11 INFO  com.qa25.trips.tests.TestBase - Start test: fillFromFieldPositiveTest
21:11:11 INFO  com.qa25.trips.tests.TestBase -  --> With data: [Cities names: FROM city: Land's End, TO city: Male]
21:11:12 INFO  com.qa25.trips.tests.TestBase -    --> Error message: Sorry, only Latin characteres are allowed now.
21:11:12 INFO  com.qa25.trips.tests.TestBase -    --> Test is fail, but should be pass
21:11:12 INFO  com.qa25.trips.tests.TestBase - Test result: PASSED
21:11:12 INFO  com.qa25.trips.tests.TestBase - Stop test: fillFromFieldPositiveTest
21:11:12 INFO  com.qa25.trips.tests.TestBase - ======================================================
21:11:12 INFO  com.qa25.trips.tests.TestBase - Start test: fillFromFieldPositiveTest
21:11:12 INFO  com.qa25.trips.tests.TestBase -  --> With data: [Cities names: FROM city: St. Catharines, TO city: Lhasa]
21:11:12 INFO  com.qa25.trips.tests.TestBase -    --> Error message: Sorry, only Latin characteres are allowed now.
21:11:12 INFO  com.qa25.trips.tests.TestBase -    --> Test is fail, but should be pass
21:11:12 INFO  com.qa25.trips.tests.TestBase - Test result: PASSED
21:11:12 INFO  com.qa25.trips.tests.TestBase - Stop test: fillFromFieldPositiveTest
21:11:12 INFO  com.qa25.trips.tests.TestBase - ======================================================
21:11:12 INFO  com.qa25.trips.tests.TestBase - Start test: fillFromFieldPositiveTest
21:11:12 INFO  com.qa25.trips.tests.TestBase -  --> With data: [Cities names: FROM city: St. John's, TO city: Bandar Seri Begawan]
21:11:12 INFO  com.qa25.trips.tests.TestBase -    --> Error message: Sorry, only Latin characteres are allowed now.
21:11:12 INFO  com.qa25.trips.tests.TestBase -    --> Test is fail, but should be pass
21:11:13 INFO  com.qa25.trips.tests.TestBase - Test result: PASSED
21:11:13 INFO  com.qa25.trips.tests.TestBase - Stop test: fillFromFieldPositiveTest
21:11:13 INFO  com.qa25.trips.tests.TestBase - ======================================================
21:11:13 INFO  com.qa25.trips.tests.TestBase - Start test: fillToFieldPositiveTest
21:11:13 INFO  com.qa25.trips.tests.TestBase -  --> With data: [Cities names: FROM city: Tehran, TO city: St. John's]
21:11:13 INFO  com.qa25.trips.tests.TestBase -    --> Error message: Sorry, only Latin characteres are allowed now.
21:11:13 INFO  com.qa25.trips.tests.TestBase -    --> Test is fail, but should be pass
21:11:13 INFO  com.qa25.trips.tests.TestBase - Test result: PASSED
21:11:13 INFO  com.qa25.trips.tests.TestBase - Stop test: fillToFieldPositiveTest
21:11:13 INFO  com.qa25.trips.tests.TestBase - ======================================================
21:11:13 INFO  com.qa25.trips.tests.TestBase - Start test: fillToFieldPositiveTest
21:11:13 INFO  com.qa25.trips.tests.TestBase -  --> With data: [Cities names: FROM city: Tashkent, TO city: Buenos Aires]
21:11:13 INFO  com.qa25.trips.tests.TestBase -    --> Error message: Sorry, only Latin characteres are allowed now.
21:11:13 INFO  com.qa25.trips.tests.TestBase -    --> Test is fail, but should be pass
21:11:14 INFO  com.qa25.trips.tests.TestBase - Test result: PASSED
21:11:14 INFO  com.qa25.trips.tests.TestBase - Stop test: fillToFieldPositiveTest
21:11:14 INFO  com.qa25.trips.tests.TestBase - ======================================================
21:11:14 INFO  com.qa25.trips.tests.TestBase - Start test: fillToFieldPositiveTest
21:11:14 INFO  com.qa25.trips.tests.TestBase -  --> With data: [Cities names: FROM city: Sanaa, TO city: St. Catharines]
21:11:14 INFO  com.qa25.trips.tests.TestBase -    --> Error message: Sorry, only Latin characteres are allowed now.
21:11:14 INFO  com.qa25.trips.tests.TestBase -    --> Test is fail, but should be pass
21:11:14 INFO  com.qa25.trips.tests.TestBase - Test result: PASSED
21:11:14 INFO  com.qa25.trips.tests.TestBase - Stop test: fillToFieldPositiveTest
21:11:14 INFO  com.qa25.trips.tests.TestBase - ======================================================
21:11:14 INFO  com.qa25.trips.tests.TestBase - Start test: fillToFieldPositiveTest
21:11:14 INFO  com.qa25.trips.tests.TestBase -  --> With data: [Cities names: FROM city: Naypyidaw, TO city: Kabul]
21:11:20 INFO  com.qa25.trips.tests.TestBase - Test result: PASSED
21:11:20 INFO  com.qa25.trips.tests.TestBase - Stop test: fillToFieldPositiveTest
21:11:20 INFO  com.qa25.trips.tests.TestBase - ======================================================
21:11:20 INFO  com.qa25.trips.tests.TestBase - Start test: fillToFieldPositiveTest
21:11:20 INFO  com.qa25.trips.tests.TestBase -  --> With data: [Cities names: FROM city: Muscat, TO city: Kathmandu]
21:11:25 INFO  com.qa25.trips.tests.TestBase - Test result: PASSED
21:11:25 INFO  com.qa25.trips.tests.TestBase - Stop test: fillToFieldPositiveTest
21:11:25 INFO  com.qa25.trips.tests.TestBase - ======================================================
21:11:25 INFO  com.qa25.trips.tests.TestBase - Start test: fillToFieldPositiveTest
21:11:25 INFO  com.qa25.trips.tests.TestBase -  --> With data: [Cities names: FROM city: Manila, TO city: Naypyidaw]
21:11:30 INFO  com.qa25.trips.tests.TestBase - Test result: PASSED
21:11:30 INFO  com.qa25.trips.tests.TestBase - Stop test: fillToFieldPositiveTest
21:11:30 INFO  com.qa25.trips.tests.TestBase - ======================================================
21:11:30 INFO  com.qa25.trips.tests.TestBase - Start test: fillToFieldPositiveTest
21:11:30 INFO  com.qa25.trips.tests.TestBase -  --> With data: [Cities names: FROM city: Male, TO city: Land's End]
21:11:30 INFO  com.qa25.trips.tests.TestBase -    --> Error message: Sorry, only Latin characteres are allowed now.
21:11:30 INFO  com.qa25.trips.tests.TestBase -    --> Test is fail, but should be pass
21:11:31 INFO  com.qa25.trips.tests.TestBase - Test result: PASSED
21:11:31 INFO  com.qa25.trips.tests.TestBase - Stop test: fillToFieldPositiveTest
21:11:31 INFO  com.qa25.trips.tests.TestBase - ======================================================
21:11:31 INFO  com.qa25.trips.tests.TestBase - Start test: fillToFieldPositiveTest
21:11:31 INFO  com.qa25.trips.tests.TestBase -  --> With data: [Cities names: FROM city: Lhasa, TO city: Sanaa]
21:11:36 INFO  com.qa25.trips.tests.TestBase - Test result: PASSED
21:11:36 INFO  com.qa25.trips.tests.TestBase - Stop test: fillToFieldPositiveTest
21:11:36 INFO  com.qa25.trips.tests.TestBase - ======================================================
21:11:36 INFO  com.qa25.trips.tests.TestBase - Start test: fillToFieldPositiveTest
21:11:36 INFO  com.qa25.trips.tests.TestBase -  --> With data: [Cities names: FROM city: Kathmandu, TO city: Tashkent]
21:11:41 INFO  com.qa25.trips.tests.TestBase - Test result: PASSED
21:11:41 INFO  com.qa25.trips.tests.TestBase - Stop test: fillToFieldPositiveTest
21:11:41 INFO  com.qa25.trips.tests.TestBase - ======================================================
21:11:41 INFO  com.qa25.trips.tests.TestBase - Start test: fillToFieldPositiveTest
21:11:41 INFO  com.qa25.trips.tests.TestBase -  --> With data: [Cities names: FROM city: Kabul, TO city: Tehran]
21:11:47 INFO  com.qa25.trips.tests.TestBase - Test result: PASSED
21:11:47 INFO  com.qa25.trips.tests.TestBase - Stop test: fillToFieldPositiveTest
21:11:47 INFO  com.qa25.trips.tests.TestBase - ======================================================
21:11:47 INFO  com.qa25.trips.tests.TestBase - Start test: fillToFieldPositiveTest
21:11:47 INFO  com.qa25.trips.tests.TestBase -  --> With data: [Cities names: FROM city: Bandar Seri Begawan, TO city: Manila]
21:11:52 INFO  com.qa25.trips.tests.TestBase - Test result: PASSED
21:11:52 INFO  com.qa25.trips.tests.TestBase - Stop test: fillToFieldPositiveTest
21:11:52 INFO  com.qa25.trips.tests.TestBase - ======================================================
21:11:52 INFO  com.qa25.trips.tests.TestBase - Start test: fillToFieldPositiveTest
21:11:52 INFO  com.qa25.trips.tests.TestBase -  --> With data: [Cities names: FROM city: Buenos Aires, TO city: Cluj-Napoca]
21:11:52 INFO  com.qa25.trips.tests.TestBase -    --> Error message: Sorry, only Latin characteres are allowed now.
21:11:52 INFO  com.qa25.trips.tests.TestBase -    --> Test is fail, but should be pass
21:11:52 INFO  com.qa25.trips.tests.TestBase - Test result: PASSED
21:11:52 INFO  com.qa25.trips.tests.TestBase - Stop test: fillToFieldPositiveTest
21:11:52 INFO  com.qa25.trips.tests.TestBase - ======================================================
21:11:52 INFO  com.qa25.trips.tests.TestBase - Start test: fillToFieldPositiveTest
21:11:52 INFO  com.qa25.trips.tests.TestBase -  --> With data: [Cities names: FROM city: Cluj-Napoca, TO city: Muscat]
21:11:58 INFO  com.qa25.trips.tests.TestBase - Test result: PASSED
21:11:58 INFO  com.qa25.trips.tests.TestBase - Stop test: fillToFieldPositiveTest
21:11:58 INFO  com.qa25.trips.tests.TestBase - ======================================================
21:11:58 INFO  com.qa25.trips.tests.TestBase - Start test: fillToFieldPositiveTest
21:11:58 INFO  com.qa25.trips.tests.TestBase -  --> With data: [Cities names: FROM city: Land's End, TO city: Male]
21:12:03 INFO  com.qa25.trips.tests.TestBase - Test result: PASSED
21:12:03 INFO  com.qa25.trips.tests.TestBase - Stop test: fillToFieldPositiveTest
21:12:03 INFO  com.qa25.trips.tests.TestBase - ======================================================
21:12:03 INFO  com.qa25.trips.tests.TestBase - Start test: fillToFieldPositiveTest
21:12:03 INFO  com.qa25.trips.tests.TestBase -  --> With data: [Cities names: FROM city: St. Catharines, TO city: Lhasa]
21:12:08 INFO  com.qa25.trips.tests.TestBase - Test result: PASSED
21:12:08 INFO  com.qa25.trips.tests.TestBase - Stop test: fillToFieldPositiveTest
21:12:08 INFO  com.qa25.trips.tests.TestBase - ======================================================
21:12:08 INFO  com.qa25.trips.tests.TestBase - Start test: fillToFieldPositiveTest
21:12:08 INFO  com.qa25.trips.tests.TestBase -  --> With data: [Cities names: FROM city: St. John's, TO city: Bandar Seri Begawan]
21:12:08 INFO  com.qa25.trips.tests.TestBase -    --> Error message: Sorry, only Latin characteres are allowed now.
21:12:08 INFO  com.qa25.trips.tests.TestBase -    --> Test is fail, but should be pass
21:12:09 INFO  com.qa25.trips.tests.TestBase - Test result: PASSED
21:12:09 INFO  com.qa25.trips.tests.TestBase - Stop test: fillToFieldPositiveTest
21:12:09 INFO  com.qa25.trips.tests.TestBase - ======================================================
21:12:09 INFO  com.qa25.trips.tests.TestBase - Start test: FillFromFieldNegativeTest
21:12:09 INFO  com.qa25.trips.tests.TestBase -  --> With data: [Cities names: FROM city: Москва, TO city: Pariz]
21:12:09 INFO  com.qa25.trips.tests.TestBase -    --> Error message: Sorry, only Latin characteres are allowed now.
21:12:09 INFO  com.qa25.trips.tests.TestBase - Test result: PASSED
21:12:09 INFO  com.qa25.trips.tests.TestBase - Stop test: FillFromFieldNegativeTest
21:12:09 INFO  com.qa25.trips.tests.TestBase - ======================================================
21:12:09 INFO  com.qa25.trips.tests.TestBase - Start test: FillFromFieldNegativeTest
21:12:09 INFO  com.qa25.trips.tests.TestBase -  --> With data: [Cities names: FROM city: נתניה, TO city: מסקבה]
21:12:09 INFO  com.qa25.trips.tests.TestBase -    --> Error message: Sorry, only Latin characteres are allowed now.
21:12:09 INFO  com.qa25.trips.tests.TestBase - Test result: PASSED
21:12:09 INFO  com.qa25.trips.tests.TestBase - Stop test: FillFromFieldNegativeTest
21:12:09 INFO  com.qa25.trips.tests.TestBase - ======================================================
21:12:09 INFO  com.qa25.trips.tests.TestBase - Start test: FillFromFieldNegativeTest
21:12:09 INFO  com.qa25.trips.tests.TestBase -  --> With data: [Cities names: FROM city: Paris@, TO city: 123]
21:12:10 INFO  com.qa25.trips.tests.TestBase -    --> Error message: Sorry, only Latin characteres are allowed now.
21:12:10 INFO  com.qa25.trips.tests.TestBase - Test result: PASSED
21:12:10 INFO  com.qa25.trips.tests.TestBase - Stop test: FillFromFieldNegativeTest
21:12:10 INFO  com.qa25.trips.tests.TestBase - ======================================================
21:12:10 INFO  com.qa25.trips.tests.TestBase - Start test: FillFromFieldNegativeTest
21:12:10 INFO  com.qa25.trips.tests.TestBase -  --> With data: [Cities names: FROM city: #London, TO city: *&^]
21:12:10 INFO  com.qa25.trips.tests.TestBase -    --> Error message: Sorry, only Latin characteres are allowed now.
21:12:10 INFO  com.qa25.trips.tests.TestBase - Test result: PASSED
21:12:10 INFO  com.qa25.trips.tests.TestBase - Stop test: FillFromFieldNegativeTest
21:12:10 INFO  com.qa25.trips.tests.TestBase - ======================================================
21:12:10 INFO  com.qa25.trips.tests.TestBase - Start test: FillFromFieldNegativeTest
21:12:10 INFO  com.qa25.trips.tests.TestBase -  --> With data: [Cities names: FROM city: 123, TO city: Москва]
21:12:10 INFO  com.qa25.trips.tests.TestBase -    --> Error message: Sorry, the data we have accumulated is not enough to build a route between the indicated cities. Try changing your request.
21:12:10 INFO  com.qa25.trips.tests.TestBase - Test result: PASSED
21:12:10 INFO  com.qa25.trips.tests.TestBase - Stop test: FillFromFieldNegativeTest
21:12:10 INFO  com.qa25.trips.tests.TestBase - ======================================================
21:12:10 INFO  com.qa25.trips.tests.TestBase - Start test: FillFromFieldNegativeTest
21:12:10 INFO  com.qa25.trips.tests.TestBase -  --> With data: [Cities names: FROM city: *&^, TO city: Paris@]
21:12:11 INFO  com.qa25.trips.tests.TestBase -    --> Error message: Sorry, only Latin characteres are allowed now.
21:12:11 INFO  com.qa25.trips.tests.TestBase - Test result: PASSED
21:12:11 INFO  com.qa25.trips.tests.TestBase - Stop test: FillFromFieldNegativeTest
21:12:11 INFO  com.qa25.trips.tests.TestBase - ======================================================
21:12:11 INFO  com.qa25.trips.tests.TestBase - Start test: FillFromFieldNegativeTest
21:12:11 INFO  com.qa25.trips.tests.TestBase -  --> With data: [Cities names: FROM city: Pariz, TO city: #London]
21:12:11 INFO  com.qa25.trips.tests.TestBase -    --> Error message: Sorry, the data we have accumulated is not enough to build a route between the indicated cities. Try changing your request.
21:12:11 INFO  com.qa25.trips.tests.TestBase - Test result: PASSED
21:12:11 INFO  com.qa25.trips.tests.TestBase - Stop test: FillFromFieldNegativeTest
21:12:11 INFO  com.qa25.trips.tests.TestBase - ======================================================
21:12:11 INFO  com.qa25.trips.tests.TestBase - Start test: FillToFieldNegativeTest
21:12:11 INFO  com.qa25.trips.tests.TestBase -  --> With data: [Cities names: FROM city: Москва, TO city: Pariz]
21:12:11 INFO  com.qa25.trips.tests.TestBase -    --> Error message: Sorry, the data we have accumulated is not enough to build a route between the indicated cities. Try changing your request.
21:12:11 INFO  com.qa25.trips.tests.TestBase - Test result: PASSED
21:12:11 INFO  com.qa25.trips.tests.TestBase - Stop test: FillToFieldNegativeTest
21:12:11 INFO  com.qa25.trips.tests.TestBase - ======================================================
21:12:11 INFO  com.qa25.trips.tests.TestBase - Start test: FillToFieldNegativeTest
21:12:11 INFO  com.qa25.trips.tests.TestBase -  --> With data: [Cities names: FROM city: נתניה, TO city: מסקבה]
21:12:12 INFO  com.qa25.trips.tests.TestBase -    --> Error message: Sorry, only Latin characteres are allowed now.
21:12:12 INFO  com.qa25.trips.tests.TestBase - Test result: PASSED
21:12:12 INFO  com.qa25.trips.tests.TestBase - Stop test: FillToFieldNegativeTest
21:12:12 INFO  com.qa25.trips.tests.TestBase - ======================================================
21:12:12 INFO  com.qa25.trips.tests.TestBase - Start test: FillToFieldNegativeTest
21:12:12 INFO  com.qa25.trips.tests.TestBase -  --> With data: [Cities names: FROM city: Paris@, TO city: 123]
21:12:12 INFO  com.qa25.trips.tests.TestBase -    --> Error message: Sorry, the data we have accumulated is not enough to build a route between the indicated cities. Try changing your request.
21:12:12 INFO  com.qa25.trips.tests.TestBase - Test result: PASSED
21:12:12 INFO  com.qa25.trips.tests.TestBase - Stop test: FillToFieldNegativeTest
21:12:12 INFO  com.qa25.trips.tests.TestBase - ======================================================
21:12:12 INFO  com.qa25.trips.tests.TestBase - Start test: FillToFieldNegativeTest
21:12:12 INFO  com.qa25.trips.tests.TestBase -  --> With data: [Cities names: FROM city: #London, TO city: *&^]
21:12:12 INFO  com.qa25.trips.tests.TestBase -    --> Error message: Sorry, only Latin characteres are allowed now.
21:12:12 INFO  com.qa25.trips.tests.TestBase - Test result: PASSED
21:12:12 INFO  com.qa25.trips.tests.TestBase - Stop test: FillToFieldNegativeTest
21:12:12 INFO  com.qa25.trips.tests.TestBase - ======================================================
21:12:12 INFO  com.qa25.trips.tests.TestBase - Start test: FillToFieldNegativeTest
21:12:12 INFO  com.qa25.trips.tests.TestBase -  --> With data: [Cities names: FROM city: 123, TO city: Москва]
21:12:13 INFO  com.qa25.trips.tests.TestBase -    --> Error message: Sorry, only Latin characteres are allowed now.
21:12:13 INFO  com.qa25.trips.tests.TestBase - Test result: PASSED
21:12:13 INFO  com.qa25.trips.tests.TestBase - Stop test: FillToFieldNegativeTest
21:12:13 INFO  com.qa25.trips.tests.TestBase - ======================================================
21:12:13 INFO  com.qa25.trips.tests.TestBase - Start test: FillToFieldNegativeTest
21:12:13 INFO  com.qa25.trips.tests.TestBase -  --> With data: [Cities names: FROM city: *&^, TO city: Paris@]
21:12:13 INFO  com.qa25.trips.tests.TestBase -    --> Error message: Sorry, only Latin characteres are allowed now.
21:12:13 INFO  com.qa25.trips.tests.TestBase - Test result: PASSED
21:12:13 INFO  com.qa25.trips.tests.TestBase - Stop test: FillToFieldNegativeTest
21:12:13 INFO  com.qa25.trips.tests.TestBase - ======================================================
21:12:13 INFO  com.qa25.trips.tests.TestBase - Start test: FillToFieldNegativeTest
21:12:13 INFO  com.qa25.trips.tests.TestBase -  --> With data: [Cities names: FROM city: Pariz, TO city: #London]
21:12:13 INFO  com.qa25.trips.tests.TestBase -    --> Error message: Sorry, only Latin characteres are allowed now.
21:12:14 INFO  com.qa25.trips.tests.TestBase - Test result: PASSED
21:12:14 INFO  com.qa25.trips.tests.TestBase - Stop test: FillToFieldNegativeTest
21:12:14 INFO  com.qa25.trips.tests.TestBase - ======================================================
21:12:14 INFO  com.qa25.trips.tests.TestBase - Start test: clearButtonPositiveTest
21:12:14 INFO  com.qa25.trips.tests.TestBase -  --> With data: [Cities names: FROM city: Tehran, TO city: St. John's]
21:12:19 INFO  com.qa25.trips.tests.TestBase -    --> Error message: Sorry, only Latin characteres are allowed now.
21:12:19 INFO  com.qa25.trips.tests.TestBase -    --> Test is fail, but should be pass
21:12:19 INFO  com.qa25.trips.tests.TestBase - Test result: PASSED
21:12:19 INFO  com.qa25.trips.tests.TestBase - Stop test: clearButtonPositiveTest
21:12:19 INFO  com.qa25.trips.tests.TestBase - ======================================================
21:12:19 INFO  com.qa25.trips.tests.TestBase - Start test: clearButtonPositiveTest
21:12:19 INFO  com.qa25.trips.tests.TestBase -  --> With data: [Cities names: FROM city: Tashkent, TO city: Buenos Aires]
21:12:25 INFO  com.qa25.trips.tests.TestBase -    --> Error message: Sorry, only Latin characteres are allowed now.
21:12:25 INFO  com.qa25.trips.tests.TestBase -    --> Test is fail, but should be pass
21:12:25 INFO  com.qa25.trips.tests.TestBase - Test result: PASSED
21:12:25 INFO  com.qa25.trips.tests.TestBase - Stop test: clearButtonPositiveTest
21:12:25 INFO  com.qa25.trips.tests.TestBase - ======================================================
21:12:25 INFO  com.qa25.trips.tests.TestBase - Start test: clearButtonPositiveTest
21:12:25 INFO  com.qa25.trips.tests.TestBase -  --> With data: [Cities names: FROM city: Sanaa, TO city: St. Catharines]
21:12:30 INFO  com.qa25.trips.tests.TestBase -    --> Error message: Sorry, only Latin characteres are allowed now.
21:12:30 INFO  com.qa25.trips.tests.TestBase -    --> Test is fail, but should be pass
21:12:31 INFO  com.qa25.trips.tests.TestBase - Test result: PASSED
21:12:31 INFO  com.qa25.trips.tests.TestBase - Stop test: clearButtonPositiveTest
21:12:31 INFO  com.qa25.trips.tests.TestBase - ======================================================
21:12:31 INFO  com.qa25.trips.tests.TestBase - Start test: clearButtonPositiveTest
21:12:31 INFO  com.qa25.trips.tests.TestBase -  --> With data: [Cities names: FROM city: Naypyidaw, TO city: Kabul]
21:12:41 INFO  com.qa25.trips.tests.TestBase - Test result: PASSED
21:12:41 INFO  com.qa25.trips.tests.TestBase - Stop test: clearButtonPositiveTest
21:12:41 INFO  com.qa25.trips.tests.TestBase - ======================================================
21:12:41 INFO  com.qa25.trips.tests.TestBase - Start test: clearButtonPositiveTest
21:12:41 INFO  com.qa25.trips.tests.TestBase -  --> With data: [Cities names: FROM city: Muscat, TO city: Kathmandu]
21:12:52 INFO  com.qa25.trips.tests.TestBase - Test result: PASSED
21:12:52 INFO  com.qa25.trips.tests.TestBase - Stop test: clearButtonPositiveTest
21:12:52 INFO  com.qa25.trips.tests.TestBase - ======================================================
21:12:52 INFO  com.qa25.trips.tests.TestBase - Start test: clearButtonPositiveTest
21:12:52 INFO  com.qa25.trips.tests.TestBase -  --> With data: [Cities names: FROM city: Manila, TO city: Naypyidaw]
21:13:03 INFO  com.qa25.trips.tests.TestBase - Test result: PASSED
21:13:03 INFO  com.qa25.trips.tests.TestBase - Stop test: clearButtonPositiveTest
21:13:03 INFO  com.qa25.trips.tests.TestBase - ======================================================
21:13:03 INFO  com.qa25.trips.tests.TestBase - Start test: clearButtonPositiveTest
21:13:03 INFO  com.qa25.trips.tests.TestBase -  --> With data: [Cities names: FROM city: Male, TO city: Land's End]
21:13:08 INFO  com.qa25.trips.tests.TestBase -    --> Error message: Sorry, only Latin characteres are allowed now.
21:13:08 INFO  com.qa25.trips.tests.TestBase -    --> Test is fail, but should be pass
21:13:08 INFO  com.qa25.trips.tests.TestBase - Test result: PASSED
21:13:08 INFO  com.qa25.trips.tests.TestBase - Stop test: clearButtonPositiveTest
21:13:08 INFO  com.qa25.trips.tests.TestBase - ======================================================
21:13:08 INFO  com.qa25.trips.tests.TestBase - Start test: clearButtonPositiveTest
21:13:08 INFO  com.qa25.trips.tests.TestBase -  --> With data: [Cities names: FROM city: Lhasa, TO city: Sanaa]
21:13:19 INFO  com.qa25.trips.tests.TestBase - Test result: PASSED
21:13:19 INFO  com.qa25.trips.tests.TestBase - Stop test: clearButtonPositiveTest
21:13:19 INFO  com.qa25.trips.tests.TestBase - ======================================================
21:13:19 INFO  com.qa25.trips.tests.TestBase - Start test: clearButtonPositiveTest
21:13:19 INFO  com.qa25.trips.tests.TestBase -  --> With data: [Cities names: FROM city: Kathmandu, TO city: Tashkent]
21:13:30 INFO  com.qa25.trips.tests.TestBase - Test result: PASSED
21:13:30 INFO  com.qa25.trips.tests.TestBase - Stop test: clearButtonPositiveTest
21:13:30 INFO  com.qa25.trips.tests.TestBase - ======================================================
21:13:30 INFO  com.qa25.trips.tests.TestBase - Start test: clearButtonPositiveTest
21:13:30 INFO  com.qa25.trips.tests.TestBase -  --> With data: [Cities names: FROM city: Kabul, TO city: Tehran]
21:13:40 INFO  com.qa25.trips.tests.TestBase - Test result: PASSED
21:13:40 INFO  com.qa25.trips.tests.TestBase - Stop test: clearButtonPositiveTest
21:13:40 INFO  com.qa25.trips.tests.TestBase - ======================================================
21:13:40 INFO  com.qa25.trips.tests.TestBase - Start test: clearButtonPositiveTest
21:13:40 INFO  com.qa25.trips.tests.TestBase -  --> With data: [Cities names: FROM city: Bandar Seri Begawan, TO city: Manila]
21:13:40 INFO  com.qa25.trips.tests.TestBase -    --> Error message: Sorry, only Latin characteres are allowed now.
21:13:40 INFO  com.qa25.trips.tests.TestBase -    --> Test is fail, but should be pass
21:13:46 INFO  com.qa25.trips.tests.TestBase - Test result: PASSED
21:13:46 INFO  com.qa25.trips.tests.TestBase - Stop test: clearButtonPositiveTest
21:13:46 INFO  com.qa25.trips.tests.TestBase - ======================================================
21:13:46 INFO  com.qa25.trips.tests.TestBase - Start test: clearButtonPositiveTest
21:13:46 INFO  com.qa25.trips.tests.TestBase -  --> With data: [Cities names: FROM city: Buenos Aires, TO city: Cluj-Napoca]
21:13:46 INFO  com.qa25.trips.tests.TestBase -    --> Error message: Sorry, only Latin characteres are allowed now.
21:13:46 INFO  com.qa25.trips.tests.TestBase -    --> Test is fail, but should be pass
21:13:47 INFO  com.qa25.trips.tests.TestBase -    --> Error message: Sorry, only Latin characteres are allowed now.
21:13:47 INFO  com.qa25.trips.tests.TestBase -    --> Test is fail, but should be pass
21:13:47 INFO  com.qa25.trips.tests.TestBase - Test result: PASSED
21:13:47 INFO  com.qa25.trips.tests.TestBase - Stop test: clearButtonPositiveTest
21:13:47 INFO  com.qa25.trips.tests.TestBase - ======================================================
21:13:47 INFO  com.qa25.trips.tests.TestBase - Start test: clearButtonPositiveTest
21:13:47 INFO  com.qa25.trips.tests.TestBase -  --> With data: [Cities names: FROM city: Cluj-Napoca, TO city: Muscat]
21:13:47 INFO  com.qa25.trips.tests.TestBase -    --> Error message: Sorry, only Latin characteres are allowed now.
21:13:47 INFO  com.qa25.trips.tests.TestBase -    --> Test is fail, but should be pass
21:13:53 INFO  com.qa25.trips.tests.TestBase - Test result: PASSED
21:13:53 INFO  com.qa25.trips.tests.TestBase - Stop test: clearButtonPositiveTest
21:13:53 INFO  com.qa25.trips.tests.TestBase - ======================================================
21:13:53 INFO  com.qa25.trips.tests.TestBase - Start test: clearButtonPositiveTest
21:13:53 INFO  com.qa25.trips.tests.TestBase -  --> With data: [Cities names: FROM city: Land's End, TO city: Male]
21:13:53 INFO  com.qa25.trips.tests.TestBase -    --> Error message: Sorry, only Latin characteres are allowed now.
21:13:53 INFO  com.qa25.trips.tests.TestBase -    --> Test is fail, but should be pass
21:13:58 INFO  com.qa25.trips.tests.TestBase - Test result: PASSED
21:13:58 INFO  com.qa25.trips.tests.TestBase - Stop test: clearButtonPositiveTest
21:13:58 INFO  com.qa25.trips.tests.TestBase - ======================================================
21:13:58 INFO  com.qa25.trips.tests.TestBase - Start test: clearButtonPositiveTest
21:13:58 INFO  com.qa25.trips.tests.TestBase -  --> With data: [Cities names: FROM city: St. Catharines, TO city: Lhasa]
21:13:59 INFO  com.qa25.trips.tests.TestBase -    --> Error message: Sorry, only Latin characteres are allowed now.
21:13:59 INFO  com.qa25.trips.tests.TestBase -    --> Test is fail, but should be pass
21:14:04 INFO  com.qa25.trips.tests.TestBase - Test result: PASSED
21:14:04 INFO  com.qa25.trips.tests.TestBase - Stop test: clearButtonPositiveTest
21:14:04 INFO  com.qa25.trips.tests.TestBase - ======================================================
21:14:04 INFO  com.qa25.trips.tests.TestBase - Start test: clearButtonPositiveTest
21:14:04 INFO  com.qa25.trips.tests.TestBase -  --> With data: [Cities names: FROM city: St. John's, TO city: Bandar Seri Begawan]
21:14:04 INFO  com.qa25.trips.tests.TestBase -    --> Error message: Sorry, only Latin characteres are allowed now.
21:14:04 INFO  com.qa25.trips.tests.TestBase -    --> Test is fail, but should be pass
21:14:05 INFO  com.qa25.trips.tests.TestBase -    --> Error message: Sorry, only Latin characteres are allowed now.
21:14:05 INFO  com.qa25.trips.tests.TestBase -    --> Test is fail, but should be pass
21:14:05 INFO  com.qa25.trips.tests.TestBase - Test result: PASSED
21:14:05 INFO  com.qa25.trips.tests.TestBase - Stop test: clearButtonPositiveTest
21:14:05 INFO  com.qa25.trips.tests.TestBase - ======================================================
21:14:05 INFO  com.qa25.trips.tests.TestBase - Start test: goButtonNegativeTest
21:14:05 INFO  com.qa25.trips.tests.TestBase -  --> With data: [Cities names: FROM city: New Orleans, TO city: Barcelona]
21:14:05 INFO  com.qa25.trips.tests.TestBase -    --> Error message: Sorry, only Latin characteres are allowed now.
21:14:05 INFO  com.qa25.trips.tests.TestBase -    --> Test is fail, but should be pass
21:14:11 INFO  com.qa25.trips.tests.TestBase - --> For this route error message is: Sorry, the data we have accumulated is not enough to build a route between the indicated cities. Try changing your request.
21:14:11 INFO  com.qa25.trips.tests.TestBase - Test result: PASSED
21:14:11 INFO  com.qa25.trips.tests.TestBase - Stop test: goButtonNegativeTest
21:14:11 INFO  com.qa25.trips.tests.TestBase - ======================================================
21:14:11 INFO  com.qa25.trips.tests.TestBase - Start test: goButtonNegativeTest
21:14:11 INFO  com.qa25.trips.tests.TestBase -  --> With data: [Cities names: FROM city: Moscow, TO city: Moscow]
21:14:23 INFO  com.qa25.trips.tests.TestBase - --> For this route error message is: Sorry, the data we have accumulated is not enough to build a route between the indicated cities. Try changing your request.
21:14:23 INFO  com.qa25.trips.tests.TestBase - Test result: PASSED
21:14:23 INFO  com.qa25.trips.tests.TestBase - Stop test: goButtonNegativeTest
21:14:23 INFO  com.qa25.trips.tests.TestBase - ======================================================
21:14:23 INFO  com.qa25.trips.tests.TestBase - Start test: goButtonPositiveTest
21:14:23 INFO  com.qa25.trips.tests.TestBase -  --> With data: [Cities names: FROM city: Paris, TO city: Prague]
21:14:35 INFO  com.qa25.trips.tests.TestBase - Test result: PASSED
21:14:35 INFO  com.qa25.trips.tests.TestBase - Stop test: goButtonPositiveTest
21:14:35 INFO  com.qa25.trips.tests.TestBase - ======================================================
21:14:35 INFO  com.qa25.trips.tests.TestBase - Start test: goButtonPositiveTest
21:14:35 INFO  com.qa25.trips.tests.TestBase -  --> With data: [Cities names: FROM city: Barcelona, TO city: Glasgow]
21:14:47 INFO  com.qa25.trips.tests.TestBase - Test result: PASSED
21:14:47 INFO  com.qa25.trips.tests.TestBase - Stop test: goButtonPositiveTest
21:14:47 INFO  com.qa25.trips.tests.TestBase - ======================================================
21:14:47 INFO  com.qa25.trips.tests.TestBase - Start test: goButtonPositiveTest
21:14:47 INFO  com.qa25.trips.tests.TestBase -  --> With data: [Cities names: FROM city: Moscow, TO city: Tel-Aviv]
21:14:53 INFO  com.qa25.trips.tests.TestBase -    --> Error message: Sorry, only Latin characteres are allowed now.
21:14:53 INFO  com.qa25.trips.tests.TestBase -    --> Test is fail, but should be pass
21:14:55 INFO  com.qa25.trips.tests.TestBase - Test result: PASSED
21:14:55 INFO  com.qa25.trips.tests.TestBase - Stop test: goButtonPositiveTest
21:14:55 INFO  com.qa25.trips.tests.TestBase - ======================================================
