04:12:55 INFO  com.qa25.trips.tests.TestBase - Start test: changeLanguageValidationTest
04:12:58 INFO  com.qa25.trips.tests.TestBase - Test result: PASSED
04:12:58 INFO  com.qa25.trips.tests.TestBase - Stop test: changeLanguageValidationTest
04:12:58 INFO  com.qa25.trips.tests.TestBase - ======================================================
04:12:59 INFO  com.qa25.trips.tests.TestBase - Start test: fillFromFieldPositiveTest
04:12:59 INFO  com.qa25.trips.tests.TestBase -  --> With data: [City name: Tehran]
04:13:05 INFO  com.qa25.trips.tests.TestBase - Test result: PASSED
04:13:05 INFO  com.qa25.trips.tests.TestBase - Stop test: fillFromFieldPositiveTest
04:13:05 INFO  com.qa25.trips.tests.TestBase - ======================================================
04:13:05 INFO  com.qa25.trips.tests.TestBase - Start test: fillFromFieldPositiveTest
04:13:05 INFO  com.qa25.trips.tests.TestBase -  --> With data: [City name: Tashkent]
04:13:10 INFO  com.qa25.trips.tests.TestBase - Test result: PASSED
04:13:10 INFO  com.qa25.trips.tests.TestBase - Stop test: fillFromFieldPositiveTest
04:13:10 INFO  com.qa25.trips.tests.TestBase - ======================================================
04:13:10 INFO  com.qa25.trips.tests.TestBase - Start test: fillFromFieldPositiveTest
04:13:10 INFO  com.qa25.trips.tests.TestBase -  --> With data: [City name: Sanaa]
04:13:15 INFO  com.qa25.trips.tests.TestBase - Test result: PASSED
04:13:15 INFO  com.qa25.trips.tests.TestBase - Stop test: fillFromFieldPositiveTest
04:13:15 INFO  com.qa25.trips.tests.TestBase - ======================================================
04:13:15 INFO  com.qa25.trips.tests.TestBase - Start test: fillFromFieldPositiveTest
04:13:15 INFO  com.qa25.trips.tests.TestBase -  --> With data: [City name: Naypyidaw]
04:13:21 INFO  com.qa25.trips.tests.TestBase - Test result: PASSED
04:13:21 INFO  com.qa25.trips.tests.TestBase - Stop test: fillFromFieldPositiveTest
04:13:21 INFO  com.qa25.trips.tests.TestBase - ======================================================
04:13:21 INFO  com.qa25.trips.tests.TestBase - Start test: fillFromFieldPositiveTest
04:13:21 INFO  com.qa25.trips.tests.TestBase -  --> With data: [City name: Muscat]
04:13:26 INFO  com.qa25.trips.tests.TestBase - Test result: PASSED
04:13:26 INFO  com.qa25.trips.tests.TestBase - Stop test: fillFromFieldPositiveTest
04:13:26 INFO  com.qa25.trips.tests.TestBase - ======================================================
04:13:26 INFO  com.qa25.trips.tests.TestBase - Start test: fillFromFieldPositiveTest
04:13:26 INFO  com.qa25.trips.tests.TestBase -  --> With data: [City name: Manila]
04:13:31 INFO  com.qa25.trips.tests.TestBase - Test result: PASSED
04:13:31 INFO  com.qa25.trips.tests.TestBase - Stop test: fillFromFieldPositiveTest
04:13:31 INFO  com.qa25.trips.tests.TestBase - ======================================================
04:13:31 INFO  com.qa25.trips.tests.TestBase - Start test: fillFromFieldPositiveTest
04:13:31 INFO  com.qa25.trips.tests.TestBase -  --> With data: [City name: Male]
04:13:37 INFO  com.qa25.trips.tests.TestBase - Test result: PASSED
04:13:37 INFO  com.qa25.trips.tests.TestBase - Stop test: fillFromFieldPositiveTest
04:13:37 INFO  com.qa25.trips.tests.TestBase - ======================================================
04:13:37 INFO  com.qa25.trips.tests.TestBase - Start test: fillFromFieldPositiveTest
04:13:37 INFO  com.qa25.trips.tests.TestBase -  --> With data: [City name: Lhasa]
04:13:42 INFO  com.qa25.trips.tests.TestBase - Test result: PASSED
04:13:42 INFO  com.qa25.trips.tests.TestBase - Stop test: fillFromFieldPositiveTest
04:13:42 INFO  com.qa25.trips.tests.TestBase - ======================================================
04:13:42 INFO  com.qa25.trips.tests.TestBase - Start test: fillFromFieldPositiveTest
04:13:42 INFO  com.qa25.trips.tests.TestBase -  --> With data: [City name: Kathmandu]
04:13:47 INFO  com.qa25.trips.tests.TestBase - Test result: PASSED
04:13:47 INFO  com.qa25.trips.tests.TestBase - Stop test: fillFromFieldPositiveTest
04:13:47 INFO  com.qa25.trips.tests.TestBase - ======================================================
04:13:47 INFO  com.qa25.trips.tests.TestBase - Start test: fillFromFieldPositiveTest
04:13:47 INFO  com.qa25.trips.tests.TestBase -  --> With data: [City name: Kabul]
04:13:52 INFO  com.qa25.trips.tests.TestBase - Test result: PASSED
04:13:52 INFO  com.qa25.trips.tests.TestBase - Stop test: fillFromFieldPositiveTest
04:13:52 INFO  com.qa25.trips.tests.TestBase - ======================================================
04:13:52 INFO  com.qa25.trips.tests.TestBase - Start test: fillFromFieldPositiveTest
04:13:52 INFO  com.qa25.trips.tests.TestBase -  --> With data: [City name: Bandar Seri Begawan]
04:13:53 INFO  com.qa25.trips.tests.TestBase -    --> Error message: Sorry, only Latin characteres are allowed now.
04:13:53 INFO  com.qa25.trips.tests.TestBase -    --> Test is fail, but should be pass
04:13:53 INFO  com.qa25.trips.tests.TestBase - Test result: PASSED
04:13:53 INFO  com.qa25.trips.tests.TestBase - Stop test: fillFromFieldPositiveTest
04:13:53 INFO  com.qa25.trips.tests.TestBase - ======================================================
04:13:53 INFO  com.qa25.trips.tests.TestBase - Start test: fillFromFieldPositiveTest
04:13:53 INFO  com.qa25.trips.tests.TestBase -  --> With data: [City name: Buenos Aires]
04:13:53 INFO  com.qa25.trips.tests.TestBase -    --> Error message: Sorry, only Latin characteres are allowed now.
04:13:53 INFO  com.qa25.trips.tests.TestBase -    --> Test is fail, but should be pass
04:13:54 INFO  com.qa25.trips.tests.TestBase - Test result: PASSED
04:13:54 INFO  com.qa25.trips.tests.TestBase - Stop test: fillFromFieldPositiveTest
04:13:54 INFO  com.qa25.trips.tests.TestBase - ======================================================
04:13:54 INFO  com.qa25.trips.tests.TestBase - Start test: fillFromFieldPositiveTest
04:13:54 INFO  com.qa25.trips.tests.TestBase -  --> With data: [City name: Cluj-Napoca]
04:13:54 INFO  com.qa25.trips.tests.TestBase -    --> Error message: Sorry, only Latin characteres are allowed now.
04:13:54 INFO  com.qa25.trips.tests.TestBase -    --> Test is fail, but should be pass
04:13:54 INFO  com.qa25.trips.tests.TestBase - Test result: PASSED
04:13:54 INFO  com.qa25.trips.tests.TestBase - Stop test: fillFromFieldPositiveTest
04:13:54 INFO  com.qa25.trips.tests.TestBase - ======================================================
04:13:54 INFO  com.qa25.trips.tests.TestBase - Start test: fillFromFieldPositiveTest
04:13:54 INFO  com.qa25.trips.tests.TestBase -  --> With data: [City name: Land's End]
04:13:54 INFO  com.qa25.trips.tests.TestBase -    --> Error message: Sorry, only Latin characteres are allowed now.
04:13:54 INFO  com.qa25.trips.tests.TestBase -    --> Test is fail, but should be pass
04:13:54 INFO  com.qa25.trips.tests.TestBase - Test result: PASSED
04:13:54 INFO  com.qa25.trips.tests.TestBase - Stop test: fillFromFieldPositiveTest
04:13:54 INFO  com.qa25.trips.tests.TestBase - ======================================================
04:13:54 INFO  com.qa25.trips.tests.TestBase - Start test: fillFromFieldPositiveTest
04:13:54 INFO  com.qa25.trips.tests.TestBase -  --> With data: [City name: St. Catharines]
04:13:55 INFO  com.qa25.trips.tests.TestBase -    --> Error message: Sorry, only Latin characteres are allowed now.
04:13:55 INFO  com.qa25.trips.tests.TestBase -    --> Test is fail, but should be pass
04:13:55 INFO  com.qa25.trips.tests.TestBase - Test result: PASSED
04:13:55 INFO  com.qa25.trips.tests.TestBase - Stop test: fillFromFieldPositiveTest
04:13:55 INFO  com.qa25.trips.tests.TestBase - ======================================================
04:13:55 INFO  com.qa25.trips.tests.TestBase - Start test: fillFromFieldPositiveTest
04:13:55 INFO  com.qa25.trips.tests.TestBase -  --> With data: [City name: St. John's]
04:13:55 INFO  com.qa25.trips.tests.TestBase -    --> Error message: Sorry, only Latin characteres are allowed now.
04:13:55 INFO  com.qa25.trips.tests.TestBase -    --> Test is fail, but should be pass
04:13:55 INFO  com.qa25.trips.tests.TestBase - Test result: PASSED
04:13:55 INFO  com.qa25.trips.tests.TestBase - Stop test: fillFromFieldPositiveTest
04:13:55 INFO  com.qa25.trips.tests.TestBase - ======================================================
04:13:55 INFO  com.qa25.trips.tests.TestBase - Start test: fillToFieldPositiveTest
04:13:55 INFO  com.qa25.trips.tests.TestBase -  --> With data: [City name: Tehran]
04:14:01 INFO  com.qa25.trips.tests.TestBase - Test result: PASSED
04:14:01 INFO  com.qa25.trips.tests.TestBase - Stop test: fillToFieldPositiveTest
04:14:01 INFO  com.qa25.trips.tests.TestBase - ======================================================
04:14:01 INFO  com.qa25.trips.tests.TestBase - Start test: fillToFieldPositiveTest
04:14:01 INFO  com.qa25.trips.tests.TestBase -  --> With data: [City name: Tashkent]
04:14:06 INFO  com.qa25.trips.tests.TestBase - Test result: PASSED
04:14:06 INFO  com.qa25.trips.tests.TestBase - Stop test: fillToFieldPositiveTest
04:14:06 INFO  com.qa25.trips.tests.TestBase - ======================================================
04:14:06 INFO  com.qa25.trips.tests.TestBase - Start test: fillToFieldPositiveTest
04:14:06 INFO  com.qa25.trips.tests.TestBase -  --> With data: [City name: Sanaa]
04:14:11 INFO  com.qa25.trips.tests.TestBase - Test result: PASSED
04:14:11 INFO  com.qa25.trips.tests.TestBase - Stop test: fillToFieldPositiveTest
04:14:11 INFO  com.qa25.trips.tests.TestBase - ======================================================
04:14:11 INFO  com.qa25.trips.tests.TestBase - Start test: fillToFieldPositiveTest
04:14:11 INFO  com.qa25.trips.tests.TestBase -  --> With data: [City name: Naypyidaw]
04:14:16 INFO  com.qa25.trips.tests.TestBase - Test result: PASSED
04:14:16 INFO  com.qa25.trips.tests.TestBase - Stop test: fillToFieldPositiveTest
04:14:16 INFO  com.qa25.trips.tests.TestBase - ======================================================
04:14:16 INFO  com.qa25.trips.tests.TestBase - Start test: fillToFieldPositiveTest
04:14:16 INFO  com.qa25.trips.tests.TestBase -  --> With data: [City name: Muscat]
04:14:22 INFO  com.qa25.trips.tests.TestBase - Test result: PASSED
04:14:22 INFO  com.qa25.trips.tests.TestBase - Stop test: fillToFieldPositiveTest
04:14:22 INFO  com.qa25.trips.tests.TestBase - ======================================================
04:14:22 INFO  com.qa25.trips.tests.TestBase - Start test: fillToFieldPositiveTest
04:14:22 INFO  com.qa25.trips.tests.TestBase -  --> With data: [City name: Manila]
04:14:27 INFO  com.qa25.trips.tests.TestBase - Test result: PASSED
04:14:27 INFO  com.qa25.trips.tests.TestBase - Stop test: fillToFieldPositiveTest
04:14:27 INFO  com.qa25.trips.tests.TestBase - ======================================================
04:14:27 INFO  com.qa25.trips.tests.TestBase - Start test: fillToFieldPositiveTest
04:14:27 INFO  com.qa25.trips.tests.TestBase -  --> With data: [City name: Male]
04:14:32 INFO  com.qa25.trips.tests.TestBase - Test result: PASSED
04:14:32 INFO  com.qa25.trips.tests.TestBase - Stop test: fillToFieldPositiveTest
04:14:32 INFO  com.qa25.trips.tests.TestBase - ======================================================
04:14:32 INFO  com.qa25.trips.tests.TestBase - Start test: fillToFieldPositiveTest
04:14:32 INFO  com.qa25.trips.tests.TestBase -  --> With data: [City name: Lhasa]
04:14:38 INFO  com.qa25.trips.tests.TestBase - Test result: PASSED
04:14:38 INFO  com.qa25.trips.tests.TestBase - Stop test: fillToFieldPositiveTest
04:14:38 INFO  com.qa25.trips.tests.TestBase - ======================================================
04:14:38 INFO  com.qa25.trips.tests.TestBase - Start test: fillToFieldPositiveTest
04:14:38 INFO  com.qa25.trips.tests.TestBase -  --> With data: [City name: Kathmandu]
04:14:43 INFO  com.qa25.trips.tests.TestBase - Test result: PASSED
04:14:43 INFO  com.qa25.trips.tests.TestBase - Stop test: fillToFieldPositiveTest
04:14:43 INFO  com.qa25.trips.tests.TestBase - ======================================================
04:14:43 INFO  com.qa25.trips.tests.TestBase - Start test: fillToFieldPositiveTest
04:14:43 INFO  com.qa25.trips.tests.TestBase -  --> With data: [City name: Kabul]
04:14:48 INFO  com.qa25.trips.tests.TestBase - Test result: PASSED
04:14:48 INFO  com.qa25.trips.tests.TestBase - Stop test: fillToFieldPositiveTest
04:14:48 INFO  com.qa25.trips.tests.TestBase - ======================================================
04:14:48 INFO  com.qa25.trips.tests.TestBase - Start test: fillToFieldPositiveTest
04:14:48 INFO  com.qa25.trips.tests.TestBase -  --> With data: [City name: Bandar Seri Begawan]
04:14:48 INFO  com.qa25.trips.tests.TestBase -    --> Error message: Sorry, only Latin characteres are allowed now.
04:14:48 INFO  com.qa25.trips.tests.TestBase -    --> Test is fail, but should be pass
04:14:49 INFO  com.qa25.trips.tests.TestBase - Test result: PASSED
04:14:49 INFO  com.qa25.trips.tests.TestBase - Stop test: fillToFieldPositiveTest
04:14:49 INFO  com.qa25.trips.tests.TestBase - ======================================================
04:14:49 INFO  com.qa25.trips.tests.TestBase - Start test: fillToFieldPositiveTest
04:14:49 INFO  com.qa25.trips.tests.TestBase -  --> With data: [City name: Buenos Aires]
04:14:49 INFO  com.qa25.trips.tests.TestBase -    --> Error message: Sorry, only Latin characteres are allowed now.
04:14:49 INFO  com.qa25.trips.tests.TestBase -    --> Test is fail, but should be pass
04:14:49 INFO  com.qa25.trips.tests.TestBase - Test result: PASSED
04:14:49 INFO  com.qa25.trips.tests.TestBase - Stop test: fillToFieldPositiveTest
04:14:49 INFO  com.qa25.trips.tests.TestBase - ======================================================
04:14:49 INFO  com.qa25.trips.tests.TestBase - Start test: fillToFieldPositiveTest
04:14:49 INFO  com.qa25.trips.tests.TestBase -  --> With data: [City name: Cluj-Napoca]
04:14:49 INFO  com.qa25.trips.tests.TestBase -    --> Error message: Sorry, only Latin characteres are allowed now.
04:14:49 INFO  com.qa25.trips.tests.TestBase -    --> Test is fail, but should be pass
04:14:49 INFO  com.qa25.trips.tests.TestBase - Test result: PASSED
04:14:49 INFO  com.qa25.trips.tests.TestBase - Stop test: fillToFieldPositiveTest
04:14:49 INFO  com.qa25.trips.tests.TestBase - ======================================================
04:14:49 INFO  com.qa25.trips.tests.TestBase - Start test: fillToFieldPositiveTest
04:14:49 INFO  com.qa25.trips.tests.TestBase -  --> With data: [City name: Land's End]
04:14:50 INFO  com.qa25.trips.tests.TestBase -    --> Error message: Sorry, only Latin characteres are allowed now.
04:14:50 INFO  com.qa25.trips.tests.TestBase -    --> Test is fail, but should be pass
04:14:50 INFO  com.qa25.trips.tests.TestBase - Test result: PASSED
04:14:50 INFO  com.qa25.trips.tests.TestBase - Stop test: fillToFieldPositiveTest
04:14:50 INFO  com.qa25.trips.tests.TestBase - ======================================================
04:14:50 INFO  com.qa25.trips.tests.TestBase - Start test: fillToFieldPositiveTest
04:14:50 INFO  com.qa25.trips.tests.TestBase -  --> With data: [City name: St. Catharines]
04:14:50 INFO  com.qa25.trips.tests.TestBase -    --> Error message: Sorry, only Latin characteres are allowed now.
04:14:50 INFO  com.qa25.trips.tests.TestBase -    --> Test is fail, but should be pass
04:14:50 INFO  com.qa25.trips.tests.TestBase - Test result: PASSED
04:14:50 INFO  com.qa25.trips.tests.TestBase - Stop test: fillToFieldPositiveTest
04:14:50 INFO  com.qa25.trips.tests.TestBase - ======================================================
04:14:50 INFO  com.qa25.trips.tests.TestBase - Start test: fillToFieldPositiveTest
04:14:50 INFO  com.qa25.trips.tests.TestBase -  --> With data: [City name: St. John's]
04:14:50 INFO  com.qa25.trips.tests.TestBase -    --> Error message: Sorry, only Latin characteres are allowed now.
04:14:50 INFO  com.qa25.trips.tests.TestBase -    --> Test is fail, but should be pass
04:14:51 INFO  com.qa25.trips.tests.TestBase - Test result: PASSED
04:14:51 INFO  com.qa25.trips.tests.TestBase - Stop test: fillToFieldPositiveTest
04:14:51 INFO  com.qa25.trips.tests.TestBase - ======================================================
04:14:51 INFO  com.qa25.trips.tests.TestBase - Start test: FillFromFieldNegativeTest
04:14:51 INFO  com.qa25.trips.tests.TestBase -  --> With data: [City name: Москва]
04:14:51 INFO  com.qa25.trips.tests.TestBase -    --> Error message: Sorry, only Latin characteres are allowed now.
04:14:51 INFO  com.qa25.trips.tests.TestBase - Test result: PASSED
04:14:51 INFO  com.qa25.trips.tests.TestBase - Stop test: FillFromFieldNegativeTest
04:14:51 INFO  com.qa25.trips.tests.TestBase - ======================================================
04:14:51 INFO  com.qa25.trips.tests.TestBase - Start test: FillFromFieldNegativeTest
04:14:51 INFO  com.qa25.trips.tests.TestBase -  --> With data: [City name: נתניה]
04:14:51 INFO  com.qa25.trips.tests.TestBase -    --> Error message: Sorry, only Latin characteres are allowed now.
04:14:51 INFO  com.qa25.trips.tests.TestBase - Test result: PASSED
04:14:51 INFO  com.qa25.trips.tests.TestBase - Stop test: FillFromFieldNegativeTest
04:14:51 INFO  com.qa25.trips.tests.TestBase - ======================================================
04:14:51 INFO  com.qa25.trips.tests.TestBase - Start test: FillFromFieldNegativeTest
04:14:51 INFO  com.qa25.trips.tests.TestBase -  --> With data: [City name: Paris@]
04:14:52 INFO  com.qa25.trips.tests.TestBase -    --> Error message: Sorry, only Latin characteres are allowed now.
04:14:52 INFO  com.qa25.trips.tests.TestBase - Test result: PASSED
04:14:52 INFO  com.qa25.trips.tests.TestBase - Stop test: FillFromFieldNegativeTest
04:14:52 INFO  com.qa25.trips.tests.TestBase - ======================================================
04:14:52 INFO  com.qa25.trips.tests.TestBase - Start test: FillFromFieldNegativeTest
04:14:52 INFO  com.qa25.trips.tests.TestBase -  --> With data: [City name: #London]
04:14:52 INFO  com.qa25.trips.tests.TestBase -    --> Error message: Sorry, only Latin characteres are allowed now.
04:14:52 INFO  com.qa25.trips.tests.TestBase - Test result: PASSED
04:14:52 INFO  com.qa25.trips.tests.TestBase - Stop test: FillFromFieldNegativeTest
04:14:52 INFO  com.qa25.trips.tests.TestBase - ======================================================
04:14:52 INFO  com.qa25.trips.tests.TestBase - Start test: FillFromFieldNegativeTest
04:14:52 INFO  com.qa25.trips.tests.TestBase -  --> With data: [City name: 123]
04:14:52 INFO  com.qa25.trips.tests.TestBase -    --> Error message: Sorry, the data we have accumulated is not enough to build a route between the indicated cities. Try changing your request.
04:14:52 INFO  com.qa25.trips.tests.TestBase - Test result: PASSED
04:14:52 INFO  com.qa25.trips.tests.TestBase - Stop test: FillFromFieldNegativeTest
04:14:52 INFO  com.qa25.trips.tests.TestBase - ======================================================
04:14:52 INFO  com.qa25.trips.tests.TestBase - Start test: FillFromFieldNegativeTest
04:14:52 INFO  com.qa25.trips.tests.TestBase -  --> With data: [City name: *&^]
04:14:53 INFO  com.qa25.trips.tests.TestBase -    --> Error message: Sorry, only Latin characteres are allowed now.
04:14:53 INFO  com.qa25.trips.tests.TestBase - Test result: PASSED
04:14:53 INFO  com.qa25.trips.tests.TestBase - Stop test: FillFromFieldNegativeTest
04:14:53 INFO  com.qa25.trips.tests.TestBase - ======================================================
04:14:53 INFO  com.qa25.trips.tests.TestBase - Start test: FillFromFieldNegativeTest
04:14:53 INFO  com.qa25.trips.tests.TestBase -  --> With data: [City name: Pariz]
04:14:53 INFO  com.qa25.trips.tests.TestBase -    --> Error message: Sorry, the data we have accumulated is not enough to build a route between the indicated cities. Try changing your request.
04:14:53 INFO  com.qa25.trips.tests.TestBase - Test result: PASSED
04:14:53 INFO  com.qa25.trips.tests.TestBase - Stop test: FillFromFieldNegativeTest
04:14:53 INFO  com.qa25.trips.tests.TestBase - ======================================================
04:14:53 INFO  com.qa25.trips.tests.TestBase - Start test: FillToFieldNegativeTest
04:14:53 INFO  com.qa25.trips.tests.TestBase -  --> With data: [City name: Москва]
04:14:53 INFO  com.qa25.trips.tests.TestBase -    --> Error message: Sorry, only Latin characteres are allowed now.
04:14:53 INFO  com.qa25.trips.tests.TestBase - Test result: PASSED
04:14:53 INFO  com.qa25.trips.tests.TestBase - Stop test: FillToFieldNegativeTest
04:14:53 INFO  com.qa25.trips.tests.TestBase - ======================================================
04:14:53 INFO  com.qa25.trips.tests.TestBase - Start test: FillToFieldNegativeTest
04:14:53 INFO  com.qa25.trips.tests.TestBase -  --> With data: [City name: נתניה]
04:14:54 INFO  com.qa25.trips.tests.TestBase -    --> Error message: Sorry, only Latin characteres are allowed now.
04:14:54 INFO  com.qa25.trips.tests.TestBase - Test result: PASSED
04:14:54 INFO  com.qa25.trips.tests.TestBase - Stop test: FillToFieldNegativeTest
04:14:54 INFO  com.qa25.trips.tests.TestBase - ======================================================
04:14:54 INFO  com.qa25.trips.tests.TestBase - Start test: FillToFieldNegativeTest
04:14:54 INFO  com.qa25.trips.tests.TestBase -  --> With data: [City name: Paris@]
04:14:54 INFO  com.qa25.trips.tests.TestBase -    --> Error message: Sorry, only Latin characteres are allowed now.
04:14:54 INFO  com.qa25.trips.tests.TestBase - Test result: PASSED
04:14:54 INFO  com.qa25.trips.tests.TestBase - Stop test: FillToFieldNegativeTest
04:14:54 INFO  com.qa25.trips.tests.TestBase - ======================================================
04:14:54 INFO  com.qa25.trips.tests.TestBase - Start test: FillToFieldNegativeTest
04:14:54 INFO  com.qa25.trips.tests.TestBase -  --> With data: [City name: #London]
04:14:54 INFO  com.qa25.trips.tests.TestBase -    --> Error message: Sorry, only Latin characteres are allowed now.
04:14:54 INFO  com.qa25.trips.tests.TestBase - Test result: PASSED
04:14:54 INFO  com.qa25.trips.tests.TestBase - Stop test: FillToFieldNegativeTest
04:14:54 INFO  com.qa25.trips.tests.TestBase - ======================================================
04:14:54 INFO  com.qa25.trips.tests.TestBase - Start test: FillToFieldNegativeTest
04:14:54 INFO  com.qa25.trips.tests.TestBase -  --> With data: [City name: 123]
04:14:55 INFO  com.qa25.trips.tests.TestBase -    --> Error message: Sorry, the data we have accumulated is not enough to build a route between the indicated cities. Try changing your request.
04:14:55 INFO  com.qa25.trips.tests.TestBase - Test result: PASSED
04:14:55 INFO  com.qa25.trips.tests.TestBase - Stop test: FillToFieldNegativeTest
04:14:55 INFO  com.qa25.trips.tests.TestBase - ======================================================
04:14:55 INFO  com.qa25.trips.tests.TestBase - Start test: FillToFieldNegativeTest
04:14:55 INFO  com.qa25.trips.tests.TestBase -  --> With data: [City name: *&^]
04:14:55 INFO  com.qa25.trips.tests.TestBase -    --> Error message: Sorry, only Latin characteres are allowed now.
04:14:55 INFO  com.qa25.trips.tests.TestBase - Test result: PASSED
04:14:55 INFO  com.qa25.trips.tests.TestBase - Stop test: FillToFieldNegativeTest
04:14:55 INFO  com.qa25.trips.tests.TestBase - ======================================================
04:14:55 INFO  com.qa25.trips.tests.TestBase - Start test: FillToFieldNegativeTest
04:14:55 INFO  com.qa25.trips.tests.TestBase -  --> With data: [City name: Pariz]
04:14:55 INFO  com.qa25.trips.tests.TestBase -    --> Error message: Sorry, the data we have accumulated is not enough to build a route between the indicated cities. Try changing your request.
04:14:55 INFO  com.qa25.trips.tests.TestBase - Test result: PASSED
04:14:55 INFO  com.qa25.trips.tests.TestBase - Stop test: FillToFieldNegativeTest
04:14:55 INFO  com.qa25.trips.tests.TestBase - ======================================================
